Determining if the pthread_create exist failed with the following output:
Change Dir: /home/nvidia/test/00/build/CMakeFiles/CMakeTmp

Run Build Command:"/usr/bin/make" "cmTC_dae78/fast"
/usr/bin/make -f CMakeFiles/cmTC_dae78.dir/build.make CMakeFiles/cmTC_dae78.dir/build
make[1]: Entering directory '/home/nvidia/test/00/build/CMakeFiles/CMakeTmp'
Building C object CMakeFiles/cmTC_dae78.dir/CheckSymbolExists.c.o
/usr/bin/cc    -o CMakeFiles/cmTC_dae78.dir/CheckSymbolExists.c.o   -c /home/nvidia/test/00/build/CMakeFiles/CMakeTmp/CheckSymbolExists.c
Linking C executable cmTC_dae78
/usr/bin/cmake -E cmake_link_script CMakeFiles/cmTC_dae78.dir/link.txt --verbose=1
/usr/bin/cc      CMakeFiles/cmTC_dae78.dir/CheckSymbolExists.c.o  -o cmTC_dae78 
CMakeFiles/cmTC_dae78.dir/CheckSymbolExists.c.o: In function `main':
CheckSymbolExists.c:(.text+0x14): undefined reference to `pthread_create'
CheckSymbolExists.c:(.text+0x18): undefined reference to `pthread_create'
collect2: error: ld returned 1 exit status
CMakeFiles/cmTC_dae78.dir/build.make:97: recipe for target 'cmTC_dae78' failed
make[1]: *** [cmTC_dae78] Error 1
make[1]: Leaving directory '/home/nvidia/test/00/build/CMakeFiles/CMakeTmp'
Makefile:126: recipe for target 'cmTC_dae78/fast' failed
make: *** [cmTC_dae78/fast] Error 2

File /home/nvidia/test/00/build/CMakeFiles/CMakeTmp/CheckSymbolExists.c:
/* */
#include <pthread.h>

int main(int argc, char** argv)
{
  (void)argv;
#ifndef pthread_create
  return ((int*)(&pthread_create))[argc];
#else
  (void)argc;
  return 0;
#endif
}

Determining if the function pthread_create exists in the pthreads failed with the following output:
Change Dir: /home/nvidia/test/00/build/CMakeFiles/CMakeTmp

Run Build Command:"/usr/bin/make" "cmTC_07431/fast"
/usr/bin/make -f CMakeFiles/cmTC_07431.dir/build.make CMakeFiles/cmTC_07431.dir/build
make[1]: Entering directory '/home/nvidia/test/00/build/CMakeFiles/CMakeTmp'
Building C object CMakeFiles/cmTC_07431.dir/CheckFunctionExists.c.o
/usr/bin/cc   -DCHECK_FUNCTION_EXISTS=pthread_create   -o CMakeFiles/cmTC_07431.dir/CheckFunctionExists.c.o   -c /usr/share/cmake-3.10/Modules/CheckFunctionExists.c
Linking C executable cmTC_07431
/usr/bin/cmake -E cmake_link_script CMakeFiles/cmTC_07431.dir/link.txt --verbose=1
/usr/bin/cc  -DCHECK_FUNCTION_EXISTS=pthread_create    CMakeFiles/cmTC_07431.dir/CheckFunctionExists.c.o  -o cmTC_07431 -lpthreads 
/usr/bin/ld: cannot find -lpthreads
collect2: error: ld returned 1 exit status
CMakeFiles/cmTC_07431.dir/build.make:97: recipe for target 'cmTC_07431' failed
make[1]: *** [cmTC_07431] Error 1
make[1]: Leaving directory '/home/nvidia/test/00/build/CMakeFiles/CMakeTmp'
Makefile:126: recipe for target 'cmTC_07431/fast' failed
make: *** [cmTC_07431/fast] Error 2


