Determining if the pthread_create exist failed with the following output:
Change Dir: /home/nvidia/test/04p/build/CMakeFiles/CMakeTmp

Run Build Command:"/usr/bin/make" "cmTC_62d7f/fast"
/usr/bin/make -f CMakeFiles/cmTC_62d7f.dir/build.make CMakeFiles/cmTC_62d7f.dir/build
make[1]: Entering directory '/home/nvidia/test/04p/build/CMakeFiles/CMakeTmp'
Building C object CMakeFiles/cmTC_62d7f.dir/CheckSymbolExists.c.o
/usr/bin/cc    -o CMakeFiles/cmTC_62d7f.dir/CheckSymbolExists.c.o   -c /home/nvidia/test/04p/build/CMakeFiles/CMakeTmp/CheckSymbolExists.c
Linking C executable cmTC_62d7f
/usr/bin/cmake -E cmake_link_script CMakeFiles/cmTC_62d7f.dir/link.txt --verbose=1
/usr/bin/cc      -rdynamic CMakeFiles/cmTC_62d7f.dir/CheckSymbolExists.c.o  -o cmTC_62d7f 
CMakeFiles/cmTC_62d7f.dir/CheckSymbolExists.c.o: In function `main':
CheckSymbolExists.c:(.text+0x14): undefined reference to `pthread_create'
CheckSymbolExists.c:(.text+0x18): undefined reference to `pthread_create'
collect2: error: ld returned 1 exit status
CMakeFiles/cmTC_62d7f.dir/build.make:97: recipe for target 'cmTC_62d7f' failed
make[1]: *** [cmTC_62d7f] Error 1
make[1]: Leaving directory '/home/nvidia/test/04p/build/CMakeFiles/CMakeTmp'
Makefile:126: recipe for target 'cmTC_62d7f/fast' failed
make: *** [cmTC_62d7f/fast] Error 2

File /home/nvidia/test/04p/build/CMakeFiles/CMakeTmp/CheckSymbolExists.c:
/* */
#include <pthread.h>

int main(int argc, char** argv)
{
  (void)argv;
#ifndef pthread_create
  return ((int*)(&pthread_create))[argc];
#else
  (void)argc;
  return 0;
#endif
}

Determining if the function pthread_create exists in the pthreads failed with the following output:
Change Dir: /home/nvidia/test/04p/build/CMakeFiles/CMakeTmp

Run Build Command:"/usr/bin/make" "cmTC_df01b/fast"
/usr/bin/make -f CMakeFiles/cmTC_df01b.dir/build.make CMakeFiles/cmTC_df01b.dir/build
make[1]: Entering directory '/home/nvidia/test/04p/build/CMakeFiles/CMakeTmp'
Building C object CMakeFiles/cmTC_df01b.dir/CheckFunctionExists.c.o
/usr/bin/cc   -DCHECK_FUNCTION_EXISTS=pthread_create   -o CMakeFiles/cmTC_df01b.dir/CheckFunctionExists.c.o   -c /usr/share/cmake-3.10/Modules/CheckFunctionExists.c
Linking C executable cmTC_df01b
/usr/bin/cmake -E cmake_link_script CMakeFiles/cmTC_df01b.dir/link.txt --verbose=1
/usr/bin/cc  -DCHECK_FUNCTION_EXISTS=pthread_create    -rdynamic CMakeFiles/cmTC_df01b.dir/CheckFunctionExists.c.o  -o cmTC_df01b -lpthreads 
/usr/bin/ld: cannot find -lpthreads
collect2: error: ld returned 1 exit status
CMakeFiles/cmTC_df01b.dir/build.make:97: recipe for target 'cmTC_df01b' failed
make[1]: *** [cmTC_df01b] Error 1
make[1]: Leaving directory '/home/nvidia/test/04p/build/CMakeFiles/CMakeTmp'
Makefile:126: recipe for target 'cmTC_df01b/fast' failed
make: *** [cmTC_df01b/fast] Error 2


